<?xml version="1.0" encoding="UTF-8" ?>
<beans xmlns="http://www.springframework.org/schema/beans"
       xmlns:xsi="http://www.w3.org/2001/XMLSchema-instance"

       xsi:schemaLocation="http://www.springframework.org/schema/beans
        http://www.springframework.org/schema/beans/spring-beans-4.1.xsd">

  <import resource="test-app-db-context.xml"/>
  <import resource="classpath:com/bftcom/ice/server-context.xml"/>

  <bean id="nameMappingsStrategy" class="com.bftcom.ice.datamaps.impl.mappings.CamelUnderscoreNameMappingsStrategy"/>
</beans>
